{"/home/webreflection/code/notify-js/build/notify-js.node.js":{"path":"/home/webreflection/code/notify-js/build/notify-js.node.js","s":{"1":1,"2":1,"3":0,"4":0,"5":0,"6":0,"7":0,"8":0,"9":0,"10":0,"11":0,"12":0,"13":0,"14":0,"15":0,"16":0,"17":0,"18":0,"19":0,"20":0,"21":0,"22":0,"23":0,"24":0,"25":0,"26":0,"27":0,"28":0,"29":0,"30":0,"31":0,"32":0,"33":0,"34":0,"35":0,"36":0,"37":0,"38":0,"39":0,"40":0,"41":0,"42":0,"43":1},"b":{"1":[0,0],"2":[0,0],"3":[0,0],"4":[0,0],"5":[0,0],"6":[0,0],"7":[0,0],"8":[0,0],"9":[0,0]},"f":{},"fnMap":{},"statementMap":{"1":{"start":{"line":23,"column":13},"end":{"line":96,"column":2}},"2":{"start":{"line":25,"column":2},"end":{"line":75,"column":3}},"3":{"start":{"line":28,"column":6},"end":{"line":28,"column":34}},"4":{"start":{"line":29,"column":6},"end":{"line":38,"column":7}},"5":{"start":{"line":30,"column":8},"end":{"line":30,"column":31}},"6":{"start":{"line":31,"column":8},"end":{"line":31,"column":23}},"7":{"start":{"line":33,"column":8},"end":{"line":36,"column":9}},"8":{"start":{"line":37,"column":8},"end":{"line":37,"column":32}},"9":{"start":{"line":37,"column":16},"end":{"line":37,"column":32}},"10":{"start":{"line":41,"column":7},"end":{"line":44,"column":8}},"11":{"start":{"line":46,"column":23},"end":{"line":46,"column":45}},"12":{"start":{"line":48,"column":6},"end":{"line":48,"column":35}},"13":{"start":{"line":49,"column":6},"end":{"line":59,"column":7}},"14":{"start":{"line":50,"column":8},"end":{"line":50,"column":53}},"15":{"start":{"line":50,"column":28},"end":{"line":50,"column":52}},"16":{"start":{"line":52,"column":8},"end":{"line":55,"column":9}},"17":{"start":{"line":56,"column":8},"end":{"line":56,"column":25}},"18":{"start":{"line":57,"column":8},"end":{"line":57,"column":33}},"19":{"start":{"line":58,"column":8},"end":{"line":58,"column":67}},"20":{"start":{"line":58,"column":24},"end":{"line":58,"column":67}},"21":{"start":{"line":58,"column":52},"end":{"line":58,"column":65}},"22":{"start":{"line":62,"column":6},"end":{"line":62,"column":46}},"23":{"start":{"line":63,"column":6},"end":{"line":63,"column":34}},"24":{"start":{"line":64,"column":6},"end":{"line":66,"column":7}},"25":{"start":{"line":65,"column":8},"end":{"line":65,"column":47}},"26":{"start":{"line":65,"column":32},"end":{"line":65,"column":44}},"27":{"start":{"line":67,"column":6},"end":{"line":71,"column":7}},"28":{"start":{"line":68,"column":8},"end":{"line":68,"column":47}},"29":{"start":{"line":68,"column":29},"end":{"line":68,"column":45}},"30":{"start":{"line":69,"column":13},"end":{"line":71,"column":7}},"31":{"start":{"line":70,"column":8},"end":{"line":70,"column":31}},"32":{"start":{"line":72,"column":6},"end":{"line":72,"column":17}},"33":{"start":{"line":77,"column":2},"end":{"line":95,"column":5}},"34":{"start":{"line":80,"column":6},"end":{"line":89,"column":7}},"35":{"start":{"line":81,"column":8},"end":{"line":86,"column":10}},"36":{"start":{"line":82,"column":10},"end":{"line":82,"column":25}},"37":{"start":{"line":83,"column":10},"end":{"line":83,"column":25}},"38":{"start":{"line":84,"column":10},"end":{"line":84,"column":24}},"39":{"start":{"line":85,"column":10},"end":{"line":85,"column":44}},"40":{"start":{"line":87,"column":8},"end":{"line":87,"column":29}},"41":{"start":{"line":88,"column":8},"end":{"line":88,"column":23}},"42":{"start":{"line":92,"column":15},"end":{"line":92,"column":24}},"43":{"start":{"line":97,"column":0},"end":{"line":97,"column":32}}},"branchMap":{"1":{"line":29,"type":"if","locations":[{"start":{"line":29,"column":6},"end":{"line":29,"column":6}},{"start":{"line":29,"column":6},"end":{"line":29,"column":6}}]},"2":{"line":37,"type":"if","locations":[{"start":{"line":37,"column":8},"end":{"line":37,"column":8}},{"start":{"line":37,"column":8},"end":{"line":37,"column":8}}]},"3":{"line":41,"type":"binary-expr","locations":[{"start":{"line":41,"column":7},"end":{"line":41,"column":14}},{"start":{"line":41,"column":19},"end":{"line":44,"column":7}}]},"4":{"line":49,"type":"if","locations":[{"start":{"line":49,"column":6},"end":{"line":49,"column":6}},{"start":{"line":49,"column":6},"end":{"line":49,"column":6}}]},"5":{"line":64,"type":"if","locations":[{"start":{"line":64,"column":6},"end":{"line":64,"column":6}},{"start":{"line":64,"column":6},"end":{"line":64,"column":6}}]},"6":{"line":67,"type":"if","locations":[{"start":{"line":67,"column":6},"end":{"line":67,"column":6}},{"start":{"line":67,"column":6},"end":{"line":67,"column":6}}]},"7":{"line":67,"type":"binary-expr","locations":[{"start":{"line":67,"column":10},"end":{"line":67,"column":16}},{"start":{"line":67,"column":20},"end":{"line":67,"column":23}}]},"8":{"line":69,"type":"if","locations":[{"start":{"line":69,"column":13},"end":{"line":69,"column":13}},{"start":{"line":69,"column":13},"end":{"line":69,"column":13}}]},"9":{"line":80,"type":"if","locations":[{"start":{"line":80,"column":6},"end":{"line":80,"column":6}},{"start":{"line":80,"column":6},"end":{"line":80,"column":6}}]}}}}