{"/Users/andreagiammarchi/code/notify-js/build/notify-js.node.js":{"path":"/Users/andreagiammarchi/code/notify-js/build/notify-js.node.js","s":{"1":1,"2":2,"3":14,"4":13,"5":13,"6":13,"7":19,"8":19,"9":19,"10":13,"11":13,"12":1,"13":1,"14":1,"15":1,"16":1,"17":1,"18":5,"19":1,"20":1,"21":1,"22":30,"23":1,"24":14,"25":14,"26":1,"27":1,"28":1,"29":1,"30":13,"31":13,"32":16,"33":13,"34":13,"35":13,"36":13,"37":9,"38":1,"39":14,"40":14,"41":1,"42":1,"43":14,"44":3,"45":11,"46":11,"47":14,"48":2,"49":3,"50":3,"51":1,"52":1,"53":2,"54":2,"55":2,"56":2,"57":1,"58":1,"59":1,"60":2,"61":2,"62":2,"63":2,"64":1,"65":1},"b":{"1":[2,1],"2":[2,1],"3":[2,1],"4":[19,5],"5":[1,1],"6":[1,1],"7":[1,0],"8":[1,0],"9":[21,9],"10":[1,13],"11":[1,13],"12":[3,11],"13":[14,12],"14":[11,0],"15":[2,1],"16":[1,2],"17":[2,0],"18":[1,0]},"f":{"1":2,"2":14,"3":13,"4":13,"5":19,"6":13,"7":13,"8":1,"9":1,"10":1,"11":5,"12":1,"13":30,"14":14,"15":1,"16":14,"17":1,"18":3,"19":1,"20":1,"21":2},"fnMap":{"1":{"name":"create","line":56,"loc":{"start":{"line":56,"column":0},"end":{"line":56,"column":19}}},"2":{"name":"(anonymous_2)","line":66,"loc":{"start":{"line":66,"column":13},"end":{"line":66,"column":29}}},"3":{"name":"(anonymous_3)","line":70,"loc":{"start":{"line":70,"column":21},"end":{"line":70,"column":37}}},"4":{"name":"(anonymous_4)","line":72,"loc":{"start":{"line":72,"column":13},"end":{"line":72,"column":25}}},"5":{"name":"indexOf","line":77,"loc":{"start":{"line":77,"column":41},"end":{"line":77,"column":61}}},"6":{"name":"(anonymous_6)","line":83,"loc":{"start":{"line":83,"column":6},"end":{"line":83,"column":23}}},"7":{"name":"(anonymous_7)","line":84,"loc":{"start":{"line":84,"column":22},"end":{"line":84,"column":36}}},"8":{"name":"(anonymous_8)","line":88,"loc":{"start":{"line":88,"column":6},"end":{"line":88,"column":23}}},"9":{"name":"(anonymous_9)","line":93,"loc":{"start":{"line":93,"column":7},"end":{"line":93,"column":26}}},"10":{"name":"(anonymous_10)","line":96,"loc":{"start":{"line":96,"column":20},"end":{"line":96,"column":33}}},"11":{"name":"(anonymous_11)","line":103,"loc":{"start":{"line":103,"column":15},"end":{"line":103,"column":28}}},"12":{"name":"(anonymous_12)","line":106,"loc":{"start":{"line":106,"column":15},"end":{"line":106,"column":31}}},"13":{"name":"get","line":118,"loc":{"start":{"line":118,"column":2},"end":{"line":118,"column":21}}},"14":{"name":"that","line":127,"loc":{"start":{"line":127,"column":2},"end":{"line":127,"column":22}}},"15":{"name":"(anonymous_15)","line":139,"loc":{"start":{"line":139,"column":13},"end":{"line":139,"column":25}}},"16":{"name":"when","line":164,"loc":{"start":{"line":164,"column":2},"end":{"line":164,"column":32}}},"17":{"name":"(anonymous_17)","line":167,"loc":{"start":{"line":167,"column":24},"end":{"line":167,"column":43}}},"18":{"name":"drop","line":223,"loc":{"start":{"line":223,"column":10},"end":{"line":223,"column":40}}},"19":{"name":"(anonymous_19)","line":236,"loc":{"start":{"line":236,"column":11},"end":{"line":236,"column":23}}},"20":{"name":"all","line":244,"loc":{"start":{"line":244,"column":9},"end":{"line":244,"column":38}}},"21":{"name":"fn","line":246,"loc":{"start":{"line":246,"column":25},"end":{"line":246,"column":39}}}},"statementMap":{"1":{"start":{"line":56,"column":0},"end":{"line":256,"column":1}},"2":{"start":{"line":58,"column":2},"end":{"line":113,"column":3}},"3":{"start":{"line":67,"column":6},"end":{"line":67,"column":29}},"4":{"start":{"line":71,"column":6},"end":{"line":71,"column":20}},"5":{"start":{"line":72,"column":6},"end":{"line":74,"column":8}},"6":{"start":{"line":73,"column":8},"end":{"line":73,"column":41}},"7":{"start":{"line":78,"column":6},"end":{"line":78,"column":26}},"8":{"start":{"line":79,"column":6},"end":{"line":79,"column":37}},"9":{"start":{"line":80,"column":6},"end":{"line":80,"column":15}},"10":{"start":{"line":84,"column":8},"end":{"line":86,"column":11}},"11":{"start":{"line":85,"column":10},"end":{"line":85,"column":35}},"12":{"start":{"line":89,"column":8},"end":{"line":89,"column":38}},"13":{"start":{"line":94,"column":8},"end":{"line":110,"column":10}},"14":{"start":{"line":97,"column":12},"end":{"line":97,"column":35}},"15":{"start":{"line":98,"column":12},"end":{"line":101,"column":13}},"16":{"start":{"line":99,"column":14},"end":{"line":99,"column":29}},"17":{"start":{"line":100,"column":14},"end":{"line":100,"column":29}},"18":{"start":{"line":104,"column":12},"end":{"line":104,"column":41}},"19":{"start":{"line":107,"column":12},"end":{"line":107,"column":35}},"20":{"start":{"line":108,"column":12},"end":{"line":108,"column":47}},"21":{"start":{"line":118,"column":2},"end":{"line":125,"column":3}},"22":{"start":{"line":119,"column":4},"end":{"line":124,"column":9}},"23":{"start":{"line":127,"column":2},"end":{"line":162,"column":3}},"24":{"start":{"line":128,"column":4},"end":{"line":133,"column":5}},"25":{"start":{"line":136,"column":4},"end":{"line":161,"column":5}},"26":{"start":{"line":139,"column":6},"end":{"line":143,"column":8}},"27":{"start":{"line":140,"column":8},"end":{"line":140,"column":26}},"28":{"start":{"line":141,"column":8},"end":{"line":141,"column":41}},"29":{"start":{"line":142,"column":8},"end":{"line":142,"column":38}},"30":{"start":{"line":149,"column":6},"end":{"line":149,"column":21}},"31":{"start":{"line":150,"column":6},"end":{"line":150,"column":53}},"32":{"start":{"line":150,"column":22},"end":{"line":150,"column":53}},"33":{"start":{"line":151,"column":6},"end":{"line":151,"column":12}},"34":{"start":{"line":152,"column":6},"end":{"line":152,"column":27}},"35":{"start":{"line":159,"column":6},"end":{"line":159,"column":34}},"36":{"start":{"line":160,"column":6},"end":{"line":160,"column":74}},"37":{"start":{"line":160,"column":22},"end":{"line":160,"column":74}},"38":{"start":{"line":164,"column":2},"end":{"line":177,"column":3}},"39":{"start":{"line":165,"column":4},"end":{"line":165,"column":30}},"40":{"start":{"line":166,"column":4},"end":{"line":170,"column":5}},"41":{"start":{"line":167,"column":6},"end":{"line":169,"column":9}},"42":{"start":{"line":168,"column":8},"end":{"line":168,"column":27}},"43":{"start":{"line":171,"column":4},"end":{"line":175,"column":5}},"44":{"start":{"line":172,"column":6},"end":{"line":172,"column":59}},"45":{"start":{"line":173,"column":11},"end":{"line":175,"column":5}},"46":{"start":{"line":174,"column":6},"end":{"line":174,"column":29}},"47":{"start":{"line":176,"column":4},"end":{"line":176,"column":15}},"48":{"start":{"line":181,"column":2},"end":{"line":255,"column":5}},"49":{"start":{"line":224,"column":6},"end":{"line":224,"column":39}},"50":{"start":{"line":225,"column":6},"end":{"line":232,"column":7}},"51":{"start":{"line":226,"column":8},"end":{"line":226,"column":31}},"52":{"start":{"line":227,"column":8},"end":{"line":227,"column":23}},"53":{"start":{"line":229,"column":8},"end":{"line":229,"column":26}},"54":{"start":{"line":230,"column":8},"end":{"line":230,"column":39}},"55":{"start":{"line":231,"column":8},"end":{"line":231,"column":32}},"56":{"start":{"line":231,"column":16},"end":{"line":231,"column":32}},"57":{"start":{"line":237,"column":6},"end":{"line":237,"column":23}},"58":{"start":{"line":245,"column":6},"end":{"line":253,"column":7}},"59":{"start":{"line":246,"column":8},"end":{"line":251,"column":11}},"60":{"start":{"line":247,"column":10},"end":{"line":247,"column":25}},"61":{"start":{"line":248,"column":10},"end":{"line":248,"column":25}},"62":{"start":{"line":249,"column":10},"end":{"line":249,"column":24}},"63":{"start":{"line":250,"column":10},"end":{"line":250,"column":63}},"64":{"start":{"line":252,"column":8},"end":{"line":252,"column":37}},"65":{"start":{"line":257,"column":0},"end":{"line":257,"column":32}}},"branchMap":{"1":{"line":62,"type":"binary-expr","locations":[{"start":{"line":62,"column":9},"end":{"line":62,"column":17}},{"start":{"line":62,"column":21},"end":{"line":62,"column":22}}]},"2":{"line":70,"type":"binary-expr","locations":[{"start":{"line":70,"column":11},"end":{"line":70,"column":17}},{"start":{"line":70,"column":21},"end":{"line":75,"column":5}}]},"3":{"line":77,"type":"binary-expr","locations":[{"start":{"line":77,"column":14},"end":{"line":77,"column":37}},{"start":{"line":77,"column":41},"end":{"line":81,"column":5}}]},"4":{"line":79,"type":"binary-expr","locations":[{"start":{"line":79,"column":13},"end":{"line":79,"column":16}},{"start":{"line":79,"column":20},"end":{"line":79,"column":33}}]},"5":{"line":82,"type":"cond-expr","locations":[{"start":{"line":83,"column":6},"end":{"line":87,"column":7}},{"start":{"line":88,"column":6},"end":{"line":90,"column":7}}]},"6":{"line":92,"type":"cond-expr","locations":[{"start":{"line":93,"column":7},"end":{"line":111,"column":18}},{"start":{"line":112,"column":6},"end":{"line":112,"column":19}}]},"7":{"line":98,"type":"if","locations":[{"start":{"line":98,"column":12},"end":{"line":98,"column":12}},{"start":{"line":98,"column":12},"end":{"line":98,"column":12}}]},"8":{"line":108,"type":"cond-expr","locations":[{"start":{"line":108,"column":23},"end":{"line":108,"column":36}},{"start":{"line":108,"column":40},"end":{"line":108,"column":41}}]},"9":{"line":119,"type":"cond-expr","locations":[{"start":{"line":120,"column":6},"end":{"line":120,"column":13}},{"start":{"line":121,"column":7},"end":{"line":124,"column":7}}]},"10":{"line":136,"type":"if","locations":[{"start":{"line":136,"column":4},"end":{"line":136,"column":4}},{"start":{"line":136,"column":4},"end":{"line":136,"column":4}}]},"11":{"line":166,"type":"if","locations":[{"start":{"line":166,"column":4},"end":{"line":166,"column":4}},{"start":{"line":166,"column":4},"end":{"line":166,"column":4}}]},"12":{"line":171,"type":"if","locations":[{"start":{"line":171,"column":4},"end":{"line":171,"column":4}},{"start":{"line":171,"column":4},"end":{"line":171,"column":4}}]},"13":{"line":171,"type":"binary-expr","locations":[{"start":{"line":171,"column":8},"end":{"line":171,"column":14}},{"start":{"line":171,"column":18},"end":{"line":171,"column":27}}]},"14":{"line":173,"type":"if","locations":[{"start":{"line":173,"column":11},"end":{"line":173,"column":11}},{"start":{"line":173,"column":11},"end":{"line":173,"column":11}}]},"15":{"line":181,"type":"binary-expr","locations":[{"start":{"line":181,"column":10},"end":{"line":181,"column":18}},{"start":{"line":181,"column":22},"end":{"line":181,"column":23}}]},"16":{"line":225,"type":"if","locations":[{"start":{"line":225,"column":6},"end":{"line":225,"column":6}},{"start":{"line":225,"column":6},"end":{"line":225,"column":6}}]},"17":{"line":231,"type":"if","locations":[{"start":{"line":231,"column":8},"end":{"line":231,"column":8}},{"start":{"line":231,"column":8},"end":{"line":231,"column":8}}]},"18":{"line":245,"type":"if","locations":[{"start":{"line":245,"column":6},"end":{"line":245,"column":6}},{"start":{"line":245,"column":6},"end":{"line":245,"column":6}}]}}}}