TN:
SF:/home/webreflection/code/notify-js/build/notify-js.node.js
FN:66,(anonymous_1)
FN:70,(anonymous_2)
FN:72,(anonymous_3)
FN:77,indexOf
FN:83,(anonymous_5)
FN:84,(anonymous_6)
FN:88,(anonymous_7)
FN:93,(anonymous_8)
FN:96,(anonymous_9)
FN:103,(anonymous_10)
FN:106,(anonymous_11)
FN:118,get
FN:127,that
FN:139,(anonymous_14)
FN:164,when
FN:167,(anonymous_16)
FN:223,drop
FN:236,(anonymous_18)
FN:244,all
FN:246,fn
FNF:20
FNH:20
FNDA:14,(anonymous_1)
FNDA:13,(anonymous_2)
FNDA:13,(anonymous_3)
FNDA:19,indexOf
FNDA:13,(anonymous_5)
FNDA:13,(anonymous_6)
FNDA:1,(anonymous_7)
FNDA:1,(anonymous_8)
FNDA:1,(anonymous_9)
FNDA:5,(anonymous_10)
FNDA:1,(anonymous_11)
FNDA:30,get
FNDA:14,that
FNDA:1,(anonymous_14)
FNDA:14,when
FNDA:1,(anonymous_16)
FNDA:3,drop
FNDA:1,(anonymous_18)
FNDA:1,all
FNDA:2,fn
DA:56,1
DA:58,2
DA:67,14
DA:71,13
DA:72,13
DA:73,13
DA:78,19
DA:79,19
DA:80,19
DA:84,13
DA:85,13
DA:89,1
DA:94,1
DA:97,1
DA:98,1
DA:99,1
DA:100,1
DA:104,5
DA:107,1
DA:108,1
DA:118,1
DA:119,30
DA:127,1
DA:128,14
DA:136,14
DA:139,1
DA:140,1
DA:141,1
DA:142,1
DA:149,13
DA:150,16
DA:151,13
DA:152,13
DA:159,13
DA:160,13
DA:164,1
DA:165,14
DA:166,14
DA:167,1
DA:168,1
DA:171,14
DA:172,3
DA:173,11
DA:174,11
DA:176,14
DA:181,2
DA:224,3
DA:225,3
DA:226,1
DA:227,1
DA:229,2
DA:230,2
DA:231,2
DA:237,1
DA:245,1
DA:246,1
DA:247,2
DA:248,2
DA:249,2
DA:250,2
DA:252,1
DA:257,1
LF:62
LH:62
BRDA:62,1,0,2
BRDA:62,1,1,1
BRDA:70,2,0,2
BRDA:70,2,1,1
BRDA:77,3,0,2
BRDA:77,3,1,1
BRDA:79,4,0,19
BRDA:79,4,1,5
BRDA:82,5,0,1
BRDA:82,5,1,1
BRDA:92,6,0,1
BRDA:92,6,1,1
BRDA:98,7,0,1
BRDA:98,7,1,0
BRDA:108,8,0,1
BRDA:108,8,1,0
BRDA:119,9,0,21
BRDA:119,9,1,9
BRDA:136,10,0,1
BRDA:136,10,1,13
BRDA:166,11,0,1
BRDA:166,11,1,13
BRDA:171,12,0,3
BRDA:171,12,1,11
BRDA:171,13,0,14
BRDA:171,13,1,12
BRDA:173,14,0,11
BRDA:173,14,1,0
BRDA:181,15,0,2
BRDA:181,15,1,1
BRDA:225,16,0,1
BRDA:225,16,1,2
BRDA:231,17,0,2
BRDA:231,17,1,0
BRDA:245,18,0,1
BRDA:245,18,1,0
BRF:36
BRH:31
end_of_record
